<?xml version="1.0" encoding="UTF-8"?>
<testng-results ignored="0" total="1" passed="1" failed="0" skipped="0">
  <reporter-output>
  </reporter-output>
  <suite started-at="2023-07-25T20:25:02 IST" name="Sauce Labs Demo App" finished-at="2023-07-25T20:25:38 IST" duration-ms="36366">
    <groups>
    </groups>
    <test started-at="2023-07-25T20:25:02 IST" name="Android Sauce labs Demo App On Emulator" finished-at="2023-07-25T20:25:38 IST" duration-ms="36366">
      <class name="com.qa.mobile.tests.LoginTests">
        <test-method is-config="true" signature="getData_LoginUser()[pri:0, instance:com.qa.mobile.tests.LoginTests@595b007d]" started-at="2023-07-25T20:25:02 IST" name="getData_LoginUser" finished-at="2023-07-25T20:25:02 IST" duration-ms="20" status="PASS">
          <reporter-output>
          </reporter-output>
        </test-method> <!-- getData_LoginUser -->
        <test-method is-config="true" signature="initializeDriver(java.lang.String,java.lang.String,java.lang.String,java.lang.String)[pri:0, instance:com.qa.mobile.tests.LoginTests@595b007d]" started-at="2023-07-25T20:25:02 IST" name="initializeDriver" finished-at="2023-07-25T20:25:13 IST" duration-ms="11228" status="PASS">
          <params>
            <param index="0">
              <value>
                <![CDATA[Android]]>
              </value>
            </param>
            <param index="1">
              <value>
                <![CDATA[Pixel_5_API_31]]>
              </value>
            </param>
            <param index="2">
              <value>
                <![CDATA[emulator-5554]]>
              </value>
            </param>
            <param index="3">
              <value>
                <![CDATA[12]]>
              </value>
            </param>
          </params>
          <reporter-output>
          </reporter-output>
        </test-method> <!-- initializeDriver -->
        <test-method is-config="true" signature="whichMethodExecuting(java.lang.reflect.Method)[pri:0, instance:com.qa.mobile.tests.LoginTests@595b007d]" started-at="2023-07-25T20:25:13 IST" name="whichMethodExecuting" finished-at="2023-07-25T20:25:14 IST" duration-ms="711" status="PASS">
          <params>
            <param index="0">
              <value>
                <![CDATA[public void com.qa.mobile.tests.LoginTests.validUsernamePassword() throws java.lang.InterruptedException]]>
              </value>
            </param>
          </params>
          <reporter-output>
          </reporter-output>
        </test-method> <!-- whichMethodExecuting -->
        <test-method signature="validUsernamePassword()[pri:5, instance:com.qa.mobile.tests.LoginTests@595b007d]" started-at="2023-07-25T20:25:14 IST" name="validUsernamePassword" finished-at="2023-07-25T20:25:37 IST" duration-ms="22818" status="PASS">
          <reporter-output>
          </reporter-output>
        </test-method> <!-- validUsernamePassword -->
        <test-method is-config="true" signature="tearDown(org.testng.ITestResult)[pri:0, instance:com.qa.mobile.tests.LoginTests@595b007d]" started-at="2023-07-25T20:25:37 IST" name="tearDown" finished-at="2023-07-25T20:25:38 IST" duration-ms="1549" status="PASS">
          <params>
            <param index="0">
              <value>
                <![CDATA[[TestResult name=validUsernamePassword status=SUCCESS method=LoginTests.validUsernamePassword()[pri:5, instance:com.qa.mobile.tests.LoginTests@595b007d] output={null}]]]>
              </value>
            </param>
          </params>
          <reporter-output>
          </reporter-output>
        </test-method> <!-- tearDown -->
      </class> <!-- com.qa.mobile.tests.LoginTests -->
    </test> <!-- Android Sauce labs Demo App On Emulator -->
  </suite> <!-- Sauce Labs Demo App -->
</testng-results>
