<?xml version="1.0" encoding="UTF-8"?>
<testng-results ignored="0" total="7" passed="7" failed="0" skipped="0">
  <reporter-output>
  </reporter-output>
  <suite started-at="2023-07-13T00:07:19 IST" name="Sauce Labs Demo App" finished-at="2023-07-13T00:09:53 IST" duration-ms="153895">
    <groups>
    </groups>
    <test started-at="2023-07-13T00:07:19 IST" name="IOS Sauce labs Demo App On Browserstack" finished-at="2023-07-13T00:09:53 IST" duration-ms="153895">
      <class name="com.qa.mobile.tests.LoginTests">
        <test-method is-config="true" signature="initializeDriver(java.lang.String,java.lang.String,java.lang.String,java.lang.String)[pri:0, instance:com.qa.mobile.tests.LoginTests@4fb0f2b9]" started-at="2023-07-13T00:07:19 IST" name="initializeDriver" finished-at="2023-07-13T00:07:37 IST" duration-ms="17703" status="PASS">
          <params>
            <param index="0">
              <value>
                <![CDATA[IOS]]>
              </value>
            </param>
            <param index="1">
              <value>
                <![CDATA[iphone 14 pro max]]>
              </value>
            </param>
            <param index="2">
              <value>
                <![CDATA[00008120-001C783A3E3B401E]]>
              </value>
            </param>
            <param index="3">
              <value>
                <![CDATA[16.2]]>
              </value>
            </param>
          </params>
          <reporter-output>
          </reporter-output>
        </test-method> <!-- initializeDriver -->
        <test-method is-config="true" signature="getData_LoginUser()[pri:0, instance:com.qa.mobile.tests.LoginTests@4fb0f2b9]" started-at="2023-07-13T00:07:37 IST" name="getData_LoginUser" finished-at="2023-07-13T00:07:37 IST" duration-ms="2" status="PASS">
          <reporter-output>
          </reporter-output>
        </test-method> <!-- getData_LoginUser -->
        <test-method is-config="true" signature="whichMethodExecuting(java.lang.reflect.Method)[pri:0, instance:com.qa.mobile.tests.LoginTests@4fb0f2b9]" started-at="2023-07-13T00:07:37 IST" name="whichMethodExecuting" finished-at="2023-07-13T00:07:37 IST" duration-ms="700" status="PASS">
          <params>
            <param index="0">
              <value>
                <![CDATA[public void com.qa.mobile.tests.LoginTests.invalidUsername()]]>
              </value>
            </param>
          </params>
          <reporter-output>
          </reporter-output>
        </test-method> <!-- whichMethodExecuting -->
        <test-method signature="invalidUsername()[pri:1, instance:com.qa.mobile.tests.LoginTests@4fb0f2b9]" started-at="2023-07-13T00:07:37 IST" name="invalidUsername" finished-at="2023-07-13T00:07:48 IST" duration-ms="10728" status="PASS">
          <reporter-output>
          </reporter-output>
        </test-method> <!-- invalidUsername -->
        <test-method is-config="true" signature="whichMethodExecuting(java.lang.reflect.Method)[pri:0, instance:com.qa.mobile.tests.LoginTests@4fb0f2b9]" started-at="2023-07-13T00:07:48 IST" name="whichMethodExecuting" finished-at="2023-07-13T00:07:48 IST" duration-ms="157" status="PASS">
          <params>
            <param index="0">
              <value>
                <![CDATA[public void com.qa.mobile.tests.LoginTests.invalidPassword()]]>
              </value>
            </param>
          </params>
          <reporter-output>
          </reporter-output>
        </test-method> <!-- whichMethodExecuting -->
        <test-method signature="invalidPassword()[pri:2, instance:com.qa.mobile.tests.LoginTests@4fb0f2b9]" started-at="2023-07-13T00:07:48 IST" name="invalidPassword" finished-at="2023-07-13T00:08:01 IST" duration-ms="13197" status="PASS">
          <reporter-output>
          </reporter-output>
        </test-method> <!-- invalidPassword -->
        <test-method is-config="true" signature="whichMethodExecuting(java.lang.reflect.Method)[pri:0, instance:com.qa.mobile.tests.LoginTests@4fb0f2b9]" started-at="2023-07-13T00:08:01 IST" name="whichMethodExecuting" finished-at="2023-07-13T00:08:01 IST" duration-ms="128" status="PASS">
          <params>
            <param index="0">
              <value>
                <![CDATA[public void com.qa.mobile.tests.LoginTests.invalidUsernamePassword()]]>
              </value>
            </param>
          </params>
          <reporter-output>
          </reporter-output>
        </test-method> <!-- whichMethodExecuting -->
        <test-method signature="invalidUsernamePassword()[pri:3, instance:com.qa.mobile.tests.LoginTests@4fb0f2b9]" started-at="2023-07-13T00:08:01 IST" name="invalidUsernamePassword" finished-at="2023-07-13T00:08:16 IST" duration-ms="14269" status="PASS">
          <reporter-output>
          </reporter-output>
        </test-method> <!-- invalidUsernamePassword -->
        <test-method is-config="true" signature="whichMethodExecuting(java.lang.reflect.Method)[pri:0, instance:com.qa.mobile.tests.LoginTests@4fb0f2b9]" started-at="2023-07-13T00:08:16 IST" name="whichMethodExecuting" finished-at="2023-07-13T00:08:16 IST" duration-ms="194" status="PASS">
          <params>
            <param index="0">
              <value>
                <![CDATA[public void com.qa.mobile.tests.LoginTests.lockedAccount()]]>
              </value>
            </param>
          </params>
          <reporter-output>
          </reporter-output>
        </test-method> <!-- whichMethodExecuting -->
        <test-method signature="lockedAccount()[pri:4, instance:com.qa.mobile.tests.LoginTests@4fb0f2b9]" started-at="2023-07-13T00:08:16 IST" name="lockedAccount" finished-at="2023-07-13T00:08:29 IST" duration-ms="13178" status="PASS">
          <reporter-output>
          </reporter-output>
        </test-method> <!-- lockedAccount -->
        <test-method is-config="true" signature="whichMethodExecuting(java.lang.reflect.Method)[pri:0, instance:com.qa.mobile.tests.LoginTests@4fb0f2b9]" started-at="2023-07-13T00:08:29 IST" name="whichMethodExecuting" finished-at="2023-07-13T00:08:29 IST" duration-ms="95" status="PASS">
          <params>
            <param index="0">
              <value>
                <![CDATA[public void com.qa.mobile.tests.LoginTests.validUsernamePassword() throws java.lang.InterruptedException]]>
              </value>
            </param>
          </params>
          <reporter-output>
          </reporter-output>
        </test-method> <!-- whichMethodExecuting -->
        <test-method signature="validUsernamePassword()[pri:5, instance:com.qa.mobile.tests.LoginTests@4fb0f2b9]" started-at="2023-07-13T00:08:29 IST" name="validUsernamePassword" finished-at="2023-07-13T00:09:00 IST" duration-ms="30900" status="PASS">
          <reporter-output>
          </reporter-output>
        </test-method> <!-- validUsernamePassword -->
        <test-method is-config="true" signature="tearDown()[pri:0, instance:com.qa.mobile.tests.LoginTests@4fb0f2b9]" started-at="2023-07-13T00:09:51 IST" name="tearDown" finished-at="2023-07-13T00:09:53 IST" duration-ms="1244" status="PASS">
          <reporter-output>
          </reporter-output>
        </test-method> <!-- tearDown -->
      </class> <!-- com.qa.mobile.tests.LoginTests -->
      <class name="com.qa.mobile.tests.ProductTest">
        <test-method is-config="true" signature="getData_LoginUser()[pri:0, instance:com.qa.mobile.tests.ProductTest@12468a38]" started-at="2023-07-13T00:09:00 IST" name="getData_LoginUser" finished-at="2023-07-13T00:09:00 IST" duration-ms="2" status="PASS">
          <reporter-output>
          </reporter-output>
        </test-method> <!-- getData_LoginUser -->
        <test-method is-config="true" signature="whichMethodExecuting(java.lang.reflect.Method)[pri:0, instance:com.qa.mobile.tests.ProductTest@12468a38]" started-at="2023-07-13T00:09:00 IST" name="whichMethodExecuting" finished-at="2023-07-13T00:09:01 IST" duration-ms="429" status="PASS">
          <params>
            <param index="0">
              <value>
                <![CDATA[public void com.qa.mobile.tests.ProductTest.validateProductOnProductDetailsPage() throws java.lang.InterruptedException]]>
              </value>
            </param>
          </params>
          <reporter-output>
          </reporter-output>
        </test-method> <!-- whichMethodExecuting -->
        <test-method signature="validateProductOnProductDetailsPage()[pri:0, instance:com.qa.mobile.tests.ProductTest@12468a38]" started-at="2023-07-13T00:09:01 IST" name="validateProductOnProductDetailsPage" finished-at="2023-07-13T00:09:32 IST" duration-ms="31347" status="PASS">
          <reporter-output>
          </reporter-output>
        </test-method> <!-- validateProductOnProductDetailsPage -->
        <test-method is-config="true" signature="whichMethodExecuting(java.lang.reflect.Method)[pri:0, instance:com.qa.mobile.tests.ProductTest@12468a38]" started-at="2023-07-13T00:09:32 IST" name="whichMethodExecuting" finished-at="2023-07-13T00:09:32 IST" duration-ms="315" status="PASS">
          <params>
            <param index="0">
              <value>
                <![CDATA[public void com.qa.mobile.tests.ProductTest.validateProductOnProductPage()]]>
              </value>
            </param>
          </params>
          <reporter-output>
          </reporter-output>
        </test-method> <!-- whichMethodExecuting -->
        <test-method signature="validateProductOnProductPage()[pri:0, instance:com.qa.mobile.tests.ProductTest@12468a38]" started-at="2023-07-13T00:09:32 IST" name="validateProductOnProductPage" finished-at="2023-07-13T00:09:51 IST" duration-ms="19264" status="PASS">
          <reporter-output>
          </reporter-output>
        </test-method> <!-- validateProductOnProductPage -->
      </class> <!-- com.qa.mobile.tests.ProductTest -->
    </test> <!-- IOS Sauce labs Demo App On Browserstack -->
  </suite> <!-- Sauce Labs Demo App -->
</testng-results>
