<?xml version="1.0" encoding="UTF-8"?>
<!-- Generated by org.testng.reporters.JUnitXMLReporter -->
<testsuite ignored="0" hostname="LAPTOP-BDM6FK70" failures="0" tests="5" name="Android Sauce labs Demo App On Emulator" time="59.969" errors="0" timestamp="2023-06-22T19:40:35 IST">
  <testcase classname="com.qa.mobile.tests.LoginTests" name="invalidPassword" time="7.132"/>
  <testcase classname="com.qa.mobile.tests.LoginTests" name="invalidUsername" time="6.22"/>
  <testcase classname="com.qa.mobile.tests.LoginTests" name="invalidUsernamePassword" time="5.99"/>
  <testcase classname="com.qa.mobile.tests.LoginTests" name="lockedAccount" time="6.601"/>
  <testcase classname="com.qa.mobile.tests.LoginTests" name="validUsernamePassword" time="15.977"/>
</testsuite> <!-- Android Sauce labs Demo App On Emulator -->
